<?xml version="1.0" encoding="UTF-8"?>
<!-- Generated by org.testng.reporters.JUnitReportReporter -->
<testsuite skipped="0" hostname="DESKTOP-587759Q" name="com.bitm.newtours.Test.LoginTest" tests="2" failures="0" timestamp="09 Sep 2017 07:35:10 GMT" time="7.767" errors="0">
  <testcase name="checkloginpagetitle" time="6.893" classname="com.bitm.newtours.Test.LoginTest"/>
  <testcase name="logintest" time="0.874" classname="com.bitm.newtours.Test.LoginTest"/>
</testsuite> <!-- com.bitm.newtours.Test.LoginTest -->
