<?xml version="1.0" encoding="UTF-8"?>
<!-- Generated by org.testng.reporters.JUnitReportReporter -->
<testsuite skipped="0" hostname="DESKTOP-587759Q" name="com.bitm.newtours.Utils.DriverManager" tests="1" failures="0" timestamp="09 Sep 2017 05:45:23 GMT" time="0.005" errors="0">
  <testcase name="testmethod" time="0.005" classname="com.bitm.newtours.Utils.DriverManager"/>
</testsuite> <!-- com.bitm.newtours.Utils.DriverManager -->
