<?xml version="1.0" encoding="UTF-8"?>
<!-- Generated by org.testng.reporters.JUnitReportReporter -->
<testsuite skipped="0" hostname="DESKTOP-587759Q" name="com.bitm.newtours.Test.LoginTest" tests="2" failures="0" timestamp="07 Oct 2017 08:14:03 GMT" time="11.635" errors="0">
  <testcase name="checkloginpagetitle" time="8.330" classname="com.bitm.newtours.Test.LoginTest"/>
  <testcase name="logintest" time="3.305" classname="com.bitm.newtours.Test.LoginTest"/>
</testsuite> <!-- com.bitm.newtours.Test.LoginTest -->
